<?xml version="1.0" encoding="UTF-8"?>
<testsuite xmlns:xsi="http://www.w3.org/2001/XMLSchema-instance" xsi:noNamespaceSchemaLocation="https://maven.apache.org/surefire/maven-surefire-plugin/xsd/surefire-test-report.xsd" name="com.codurance.bank.AcceptanceTest" time="0.034" tests="1" errors="1" skipped="0" failures="0">
  <properties>
[...]
</properties>
  <testcase name="it_deposits_withdraws_and_prints_statements" classname="com.codurance.bank.AcceptanceTest" time="0.027">
    <error type="java.lang.UnsupportedOperationException">java.lang.UnsupportedOperationException
	at com.codurance.bank.AcceptanceTest.it_deposits_withdraws_and_prints_statements(AcceptanceTest.java:27)
</error>
  </testcase>
</testsuite>